<?xml version="1.0" encoding="UTF-8"?>
<testng-results ignored="0" total="5" passed="5" failed="0" skipped="0">
  <reporter-output>
  </reporter-output>
  <suite started-at="2024-04-29T02:42:59 WIB" name="Cucumber Suite" finished-at="2024-04-29T02:43:23 WIB" duration-ms="24201">
    <groups>
      <group name="cucumber">
        <method signature="AbstractTestNGCucumberTests.runScenario(io.cucumber.testng.PickleWrapper,io.cucumber.testng.FeatureWrapper)[pri:0, instance:runner.TestRunner@5bda8e08]" name="runScenario" class="io.cucumber.testng.AbstractTestNGCucumberTests"/>
      </group> <!-- cucumber -->
    </groups>
    <test started-at="2024-04-29T02:42:59 WIB" name="Cucumber Login Tests" finished-at="2024-04-29T02:43:23 WIB" duration-ms="24201">
      <class name="runner.TestRunner">
        <test-method is-config="true" signature="setUpClass(org.testng.ITestContext)[pri:0, instance:runner.TestRunner@5bda8e08]" started-at="2024-04-29T02:42:59 WIB" name="setUpClass" finished-at="2024-04-29T02:43:00 WIB" duration-ms="881" status="PASS">
          <params>
            <param index="0">
              <value>
                <![CDATA[org.testng.TestRunner@625732]]>
              </value>
            </param>
          </params>
          <reporter-output>
          </reporter-output>
        </test-method> <!-- setUpClass -->
        <test-method signature="runScenario(io.cucumber.testng.PickleWrapper,io.cucumber.testng.FeatureWrapper)[pri:0, instance:runner.TestRunner@5bda8e08]" started-at="2024-04-29T02:43:00 WIB" name="runScenario" description="Runs Cucumber Scenarios" data-provider="scenarios" finished-at="2024-04-29T02:43:06 WIB" duration-ms="5986" status="PASS">
          <params>
            <param index="0">
              <value>
                <![CDATA["Successful login with valid credentials"]]>
              </value>
            </param>
            <param index="1">
              <value>
                <![CDATA["Login Functionality for OpenCart E-commerce Website"]]>
              </value>
            </param>
          </params>
          <reporter-output>
          </reporter-output>
        </test-method> <!-- runScenario -->
        <test-method signature="runScenario(io.cucumber.testng.PickleWrapper,io.cucumber.testng.FeatureWrapper)[pri:0, instance:runner.TestRunner@5bda8e08]" started-at="2024-04-29T02:43:06 WIB" name="runScenario" description="Runs Cucumber Scenarios" data-provider="scenarios" finished-at="2024-04-29T02:43:10 WIB" duration-ms="3545" status="PASS">
          <params>
            <param index="0">
              <value>
                <![CDATA["Unsuccessful login with invalid or empty credentials"]]>
              </value>
            </param>
            <param index="1">
              <value>
                <![CDATA["Login Functionality for OpenCart E-commerce Website"]]>
              </value>
            </param>
          </params>
          <reporter-output>
          </reporter-output>
        </test-method> <!-- runScenario -->
        <test-method signature="runScenario(io.cucumber.testng.PickleWrapper,io.cucumber.testng.FeatureWrapper)[pri:0, instance:runner.TestRunner@5bda8e08]" started-at="2024-04-29T02:43:10 WIB" name="runScenario" description="Runs Cucumber Scenarios" data-provider="scenarios" finished-at="2024-04-29T02:43:13 WIB" duration-ms="3547" status="PASS">
          <params>
            <param index="0">
              <value>
                <![CDATA["Unsuccessful login with invalid or empty credentials"]]>
              </value>
            </param>
            <param index="1">
              <value>
                <![CDATA["Login Functionality for OpenCart E-commerce Website"]]>
              </value>
            </param>
          </params>
          <reporter-output>
          </reporter-output>
        </test-method> <!-- runScenario -->
        <test-method signature="runScenario(io.cucumber.testng.PickleWrapper,io.cucumber.testng.FeatureWrapper)[pri:0, instance:runner.TestRunner@5bda8e08]" started-at="2024-04-29T02:43:13 WIB" name="runScenario" description="Runs Cucumber Scenarios" data-provider="scenarios" finished-at="2024-04-29T02:43:17 WIB" duration-ms="3872" status="PASS">
          <params>
            <param index="0">
              <value>
                <![CDATA["Unsuccessful login with invalid or empty credentials"]]>
              </value>
            </param>
            <param index="1">
              <value>
                <![CDATA["Login Functionality for OpenCart E-commerce Website"]]>
              </value>
            </param>
          </params>
          <reporter-output>
          </reporter-output>
        </test-method> <!-- runScenario -->
        <test-method signature="runScenario(io.cucumber.testng.PickleWrapper,io.cucumber.testng.FeatureWrapper)[pri:0, instance:runner.TestRunner@5bda8e08]" started-at="2024-04-29T02:43:17 WIB" name="runScenario" description="Runs Cucumber Scenarios" data-provider="scenarios" finished-at="2024-04-29T02:43:21 WIB" duration-ms="3535" status="PASS">
          <params>
            <param index="0">
              <value>
                <![CDATA["Navigating to the forgotten password page"]]>
              </value>
            </param>
            <param index="1">
              <value>
                <![CDATA["Login Functionality for OpenCart E-commerce Website"]]>
              </value>
            </param>
          </params>
          <reporter-output>
          </reporter-output>
        </test-method> <!-- runScenario -->
        <test-method is-config="true" signature="tearDownClass()[pri:0, instance:runner.TestRunner@5bda8e08]" started-at="2024-04-29T02:43:21 WIB" name="tearDownClass" finished-at="2024-04-29T02:43:23 WIB" duration-ms="2751" status="PASS">
          <reporter-output>
          </reporter-output>
        </test-method> <!-- tearDownClass -->
      </class> <!-- runner.TestRunner -->
    </test> <!-- Cucumber Login Tests -->
  </suite> <!-- Cucumber Suite -->
</testng-results>
